# JRE version: Java(TM) SE Runtime Environment (20.0.1+9) (build 20.0.1+9-29)
# Java VM: Java HotSpot(TM) 64-Bit Server VM (20.0.1+9-29, mixed mode, sharing, tiered, compressed oops, compressed class ptrs, g1 gc, windows-amd64)
GC Precious Log:
 CardTable entry size: 512
 Card Set container configuration: InlinePtr #cards 5 size 8 Array Of Cards #cards 12 size 40 Howl #buckets 4 coarsen threshold 1843 Howl Bitmap #cards 512 size 80 coarsen threshold 460 Card regions per heap region 1 cards per card region 2048
 CPUs: 8 total, 8 available
 Memory: 6020M
 Large Page Support: Disabled
 NUMA Support: Disabled
 Compressed Oops: Enabled (32-bit)
 Heap Region Size: 1M
 Heap Min Capacity: 8M
 Heap Initial Capacity: 96M
 Heap Max Capacity: 1506M
 Pre-touch: Disabled
 Parallel Workers: 8
 Concurrent Workers: 2
 Concurrent Refinement Workers: 8
 Periodic GC: Disabled
Heap:
 garbage-first heap   total 45056K, used 37378K [0x00000000a1e00000, 0x0000000100000000)
  region size 1024K, 18 young (18432K), 3 survivors (3072K)
 Metaspace       used 43704K, committed 44352K, reserved 1114112K
  class space    used 5191K, committed 5504K, reserved 1048576K
GC Heap History (18 events):
Event: 3.061 GC heap before
{Heap before GC invocations=0 (full 0):
 garbage-first heap   total 98304K, used 22528K [0x00000000a1e00000, 0x0000000100000000)
  region size 1024K, 23 young (23552K), 0 survivors (0K)
 Metaspace       used 7127K, committed 7296K, reserved 1114112K
  class space    used 825K, committed 896K, reserved 1048576K
}
Event: 3.082 GC heap after
{Heap after GC invocations=1 (full 0):
 garbage-first heap   total 98304K, used 5440K [0x00000000a1e00000, 0x0000000100000000)
  region size 1024K, 3 young (3072K), 3 survivors (3072K)
 Metaspace       used 7127K, committed 7296K, reserved 1114112K
  class space    used 825K, committed 896K, reserved 1048576K
}
Event: 5.376 GC heap before
{Heap before GC invocations=1 (full 0):
 garbage-first heap   total 98304K, used 32064K [0x00000000a1e00000, 0x0000000100000000)
  region size 1024K, 30 young (30720K), 3 survivors (3072K)
 Metaspace       used 14382K, committed 14656K, reserved 1114112K
  class space    used 1714K, committed 1856K, reserved 1048576K
}
Event: 5.387 GC heap after
{Heap after GC invocations=2 (full 0):
 garbage-first heap   total 98304K, used 8304K [0x00000000a1e00000, 0x0000000100000000)
  region size 1024K, 3 young (3072K), 3 survivors (3072K)
 Metaspace       used 14382K, committed 14656K, reserved 1114112K
  class space    used 1714K, committed 1856K, reserved 1048576K
}
Event: 7.644 GC heap before
{Heap before GC invocations=2 (full 0):
 garbage-first heap   total 98304K, used 44144K [0x00000000a1e00000, 0x0000000100000000)
  region size 1024K, 40 young (40960K), 3 survivors (3072K)
 Metaspace       used 21158K, committed 21504K, reserved 1114112K
  class space    used 2559K, committed 2752K, reserved 1048576K
}
Event: 7.657 GC heap after
{Heap after GC invocations=3 (full 0):
 garbage-first heap   total 98304K, used 11574K [0x00000000a1e00000, 0x0000000100000000)
  region size 1024K, 6 young (6144K), 6 survivors (6144K)
 Metaspace       used 21158K, committed 21504K, reserved 1114112K
  class space    used 2559K, committed 2752K, reserved 1048576K
}
Event: 9.403 GC heap before
{Heap before GC invocations=4 (full 0):
 garbage-first heap   total 45056K, used 32054K [0x00000000a1e00000, 0x0000000100000000)
  region size 1024K, 26 young (26624K), 6 survivors (6144K)
 Metaspace       used 25953K, committed 26432K, reserved 1114112K
  class space    used 3186K, committed 3392K, reserved 1048576K
}
Event: 9.426 GC heap after
{Heap after GC invocations=5 (full 0):
 garbage-first heap   total 45056K, used 13511K [0x00000000a1e00000, 0x0000000100000000)
  region size 1024K, 3 young (3072K), 3 survivors (3072K)
 Metaspace       used 25953K, committed 26432K, reserved 1114112K
  class space    used 3186K, committed 3392K, reserved 1048576K
}
Event: 10.469 GC heap before
{Heap before GC invocations=5 (full 0):
 garbage-first heap   total 45056K, used 33991K [0x00000000a1e00000, 0x0000000100000000)
  region size 1024K, 23 young (23552K), 3 survivors (3072K)
 Metaspace       used 29626K, committed 30144K, reserved 1114112K
  class space    used 3691K, committed 3904K, reserved 1048576K
}
Event: 10.474 GC heap after
{Heap after GC invocations=6 (full 0):
 garbage-first heap   total 45056K, used 15663K [0x00000000a1e00000, 0x0000000100000000)
  region size 1024K, 3 young (3072K), 3 survivors (3072K)
 Metaspace       used 29626K, committed 30144K, reserved 1114112K
  class space    used 3691K, committed 3904K, reserved 1048576K
}
Event: 12.263 GC heap before
{Heap before GC invocations=6 (full 0):
 garbage-first heap   total 45056K, used 35119K [0x00000000a1e00000, 0x0000000100000000)
  region size 1024K, 22 young (22528K), 3 survivors (3072K)
 Metaspace       used 34627K, committed 35136K, reserved 1114112K
  class space    used 4267K, committed 4480K, reserved 1048576K
}
Event: 12.271 GC heap after
{Heap after GC invocations=7 (full 0):
 garbage-first heap   total 45056K, used 17437K [0x00000000a1e00000, 0x0000000100000000)
  region size 1024K, 2 young (2048K), 2 survivors (2048K)
 Metaspace       used 34627K, committed 35136K, reserved 1114112K
  class space    used 4267K, committed 4480K, reserved 1048576K
}
Event: 12.407 GC heap before
{Heap before GC invocations=7 (full 0):
 garbage-first heap   total 45056K, used 19485K [0x00000000a1e00000, 0x0000000100000000)
  region size 1024K, 5 young (5120K), 2 survivors (2048K)
 Metaspace       used 35444K, committed 35968K, reserved 1114112K
  class space    used 4313K, committed 4544K, reserved 1048576K
}
Event: 12.411 GC heap after
{Heap after GC invocations=8 (full 0):
 garbage-first heap   total 45056K, used 17793K [0x00000000a1e00000, 0x0000000100000000)
  region size 1024K, 1 young (1024K), 1 survivors (1024K)
 Metaspace       used 35444K, committed 35968K, reserved 1114112K
  class space    used 4313K, committed 4544K, reserved 1048576K
}
Event: 16.795 GC heap before
{Heap before GC invocations=9 (full 0):
 garbage-first heap   total 45056K, used 36225K [0x00000000a1e00000, 0x0000000100000000)
  region size 1024K, 20 young (20480K), 1 survivors (1024K)
 Metaspace       used 40383K, committed 40960K, reserved 1114112K
  class space    used 4842K, committed 5120K, reserved 1048576K
}
Event: 16.800 GC heap after
{Heap after GC invocations=10 (full 0):
 garbage-first heap   total 45056K, used 18653K [0x00000000a1e00000, 0x0000000100000000)
  region size 1024K, 2 young (2048K), 2 survivors (2048K)
 Metaspace       used 40383K, committed 40960K, reserved 1114112K
  class space    used 4842K, committed 5120K, reserved 1048576K
}
Event: 73.541 GC heap before
{Heap before GC invocations=10 (full 0):
 garbage-first heap   total 45056K, used 36061K [0x00000000a1e00000, 0x0000000100000000)
  region size 1024K, 20 young (20480K), 2 survivors (2048K)
 Metaspace       used 43691K, committed 44352K, reserved 1114112K
  class space    used 5190K, committed 5504K, reserved 1048576K
}
Event: 73.573 GC heap after
{Heap after GC invocations=11 (full 0):
 garbage-first heap   total 45056K, used 22018K [0x00000000a1e00000, 0x0000000100000000)
  region size 1024K, 3 young (3072K), 3 survivors (3072K)
 Metaspace       used 43691K, committed 44352K, reserved 1114112K
  class space    used 5190K, committed 5504K, reserved 1048576K
}

