# JRE version: Java(TM) SE Runtime Environment (20.0.1+9) (build 20.0.1+9-29)
# Java VM: Java HotSpot(TM) 64-Bit Server VM (20.0.1+9-29, mixed mode, sharing, tiered, compressed oops, compressed class ptrs, g1 gc, windows-amd64)
GC Precious Log:
 CardTable entry size: 512
 Card Set container configuration: InlinePtr #cards 5 size 8 Array Of Cards #cards 12 size 40 Howl #buckets 4 coarsen threshold 1843 Howl Bitmap #cards 512 size 80 coarsen threshold 460 Card regions per heap region 1 cards per card region 2048
 CPUs: 8 total, 8 available
 Memory: 6020M
 Large Page Support: Disabled
 NUMA Support: Disabled
 Compressed Oops: Enabled (32-bit)
 Heap Region Size: 1M
 Heap Min Capacity: 8M
 Heap Initial Capacity: 96M
 Heap Max Capacity: 1506M
 Pre-touch: Disabled
 Parallel Workers: 8
 Concurrent Workers: 2
 Concurrent Refinement Workers: 8
 Periodic GC: Disabled
Heap:
 garbage-first heap   total 533504K, used 453120K [0x00000000a1e00000, 0x0000000100000000)
  region size 1024K, 8 young (8192K), 8 survivors (8192K)
 Metaspace       used 43086K, committed 43648K, reserved 1114112K
  class space    used 5090K, committed 5312K, reserved 1048576K
GC Heap History (20 events):
Event: 30.623 GC heap after
{Heap after GC invocations=23 (full 0):
 garbage-first heap   total 219136K, used 110363K [0x00000000a1e00000, 0x0000000100000000)
  region size 1024K, 9 young (9216K), 9 survivors (9216K)
 Metaspace       used 43029K, committed 43584K, reserved 1114112K
  class space    used 5090K, committed 5312K, reserved 1048576K
}
Event: 30.889 GC heap before
{Heap before GC invocations=23 (full 0):
 garbage-first heap   total 219136K, used 155419K [0x00000000a1e00000, 0x0000000100000000)
  region size 1024K, 53 young (54272K), 9 survivors (9216K)
 Metaspace       used 43042K, committed 43584K, reserved 1114112K
  class space    used 5090K, committed 5312K, reserved 1048576K
}
Event: 30.934 GC heap after
{Heap after GC invocations=24 (full 0):
 garbage-first heap   total 219136K, used 134656K [0x00000000a1e00000, 0x0000000100000000)
  region size 1024K, 7 young (7168K), 7 survivors (7168K)
 Metaspace       used 43042K, committed 43584K, reserved 1114112K
  class space    used 5090K, committed 5312K, reserved 1048576K
}
Event: 31.114 GC heap before
{Heap before GC invocations=24 (full 0):
 garbage-first heap   total 219136K, used 171520K [0x00000000a1e00000, 0x0000000100000000)
  region size 1024K, 43 young (44032K), 7 survivors (7168K)
 Metaspace       used 43042K, committed 43584K, reserved 1114112K
  class space    used 5090K, committed 5312K, reserved 1048576K
}
Event: 31.146 GC heap after
{Heap after GC invocations=25 (full 0):
 garbage-first heap   total 219136K, used 157184K [0x00000000a1e00000, 0x0000000100000000)
  region size 1024K, 6 young (6144K), 6 survivors (6144K)
 Metaspace       used 43042K, committed 43584K, reserved 1114112K
  class space    used 5090K, committed 5312K, reserved 1048576K
}
Event: 32.049 GC heap before
{Heap before GC invocations=26 (full 0):
 garbage-first heap   total 283648K, used 183808K [0x00000000a1e00000, 0x0000000100000000)
  region size 1024K, 32 young (32768K), 6 survivors (6144K)
 Metaspace       used 43052K, committed 43584K, reserved 1114112K
  class space    used 5090K, committed 5312K, reserved 1048576K
}
Event: 32.072 GC heap after
{Heap after GC invocations=27 (full 0):
 garbage-first heap   total 283648K, used 173568K [0x00000000a1e00000, 0x0000000100000000)
  region size 1024K, 4 young (4096K), 4 survivors (4096K)
 Metaspace       used 43052K, committed 43584K, reserved 1114112K
  class space    used 5090K, committed 5312K, reserved 1048576K
}
Event: 32.752 GC heap before
{Heap before GC invocations=27 (full 0):
 garbage-first heap   total 283648K, used 220672K [0x00000000a1e00000, 0x0000000100000000)
  region size 1024K, 50 young (51200K), 4 survivors (4096K)
 Metaspace       used 43055K, committed 43648K, reserved 1114112K
  class space    used 5090K, committed 5312K, reserved 1048576K
}
Event: 32.813 GC heap after
{Heap after GC invocations=28 (full 0):
 garbage-first heap   total 283648K, used 197632K [0x00000000a1e00000, 0x0000000100000000)
  region size 1024K, 7 young (7168K), 7 survivors (7168K)
 Metaspace       used 43055K, committed 43648K, reserved 1114112K
  class space    used 5090K, committed 5312K, reserved 1048576K
}
Event: 33.168 GC heap before
{Heap before GC invocations=28 (full 0):
 garbage-first heap   total 283648K, used 235520K [0x00000000a1e00000, 0x0000000100000000)
  region size 1024K, 44 young (45056K), 7 survivors (7168K)
 Metaspace       used 43066K, committed 43648K, reserved 1114112K
  class space    used 5090K, committed 5312K, reserved 1048576K
}
Event: 33.213 GC heap after
{Heap after GC invocations=29 (full 0):
 garbage-first heap   total 533504K, used 220160K [0x00000000a1e00000, 0x0000000100000000)
  region size 1024K, 6 young (6144K), 6 survivors (6144K)
 Metaspace       used 43066K, committed 43648K, reserved 1114112K
  class space    used 5090K, committed 5312K, reserved 1048576K
}
Event: 35.459 GC heap before
{Heap before GC invocations=30 (full 0):
 garbage-first heap   total 533504K, used 350208K [0x00000000a1e00000, 0x0000000100000000)
  region size 1024K, 133 young (136192K), 6 survivors (6144K)
 Metaspace       used 43070K, committed 43648K, reserved 1114112K
  class space    used 5090K, committed 5312K, reserved 1048576K
}
Event: 35.612 GC heap after
{Heap after GC invocations=31 (full 0):
 garbage-first heap   total 533504K, used 292352K [0x00000000a1e00000, 0x0000000100000000)
  region size 1024K, 17 young (17408K), 17 survivors (17408K)
 Metaspace       used 43070K, committed 43648K, reserved 1114112K
  class space    used 5090K, committed 5312K, reserved 1048576K
}
Event: 36.081 GC heap before
{Heap before GC invocations=31 (full 0):
 garbage-first heap   total 533504K, used 388608K [0x00000000a1e00000, 0x0000000100000000)
  region size 1024K, 111 young (113664K), 17 survivors (17408K)
 Metaspace       used 43071K, committed 43648K, reserved 1114112K
  class space    used 5090K, committed 5312K, reserved 1048576K
}
Event: 36.217 GC heap after
{Heap after GC invocations=32 (full 0):
 garbage-first heap   total 533504K, used 341504K [0x00000000a1e00000, 0x0000000100000000)
  region size 1024K, 14 young (14336K), 14 survivors (14336K)
 Metaspace       used 43071K, committed 43648K, reserved 1114112K
  class space    used 5090K, committed 5312K, reserved 1048576K
}
Event: 36.605 GC heap before
{Heap before GC invocations=32 (full 0):
 garbage-first heap   total 533504K, used 422400K [0x00000000a1e00000, 0x0000000100000000)
  region size 1024K, 93 young (95232K), 14 survivors (14336K)
 Metaspace       used 43075K, committed 43648K, reserved 1114112K
  class space    used 5090K, committed 5312K, reserved 1048576K
}
Event: 36.789 GC heap after
{Heap after GC invocations=33 (full 0):
 garbage-first heap   total 533504K, used 387584K [0x00000000a1e00000, 0x0000000100000000)
  region size 1024K, 12 young (12288K), 12 survivors (12288K)
 Metaspace       used 43075K, committed 43648K, reserved 1114112K
  class space    used 5090K, committed 5312K, reserved 1048576K
}
Event: 37.165 GC heap before
{Heap before GC invocations=33 (full 0):
 garbage-first heap   total 533504K, used 452096K [0x00000000a1e00000, 0x0000000100000000)
  region size 1024K, 75 young (76800K), 12 survivors (12288K)
 Metaspace       used 43086K, committed 43648K, reserved 1114112K
  class space    used 5090K, committed 5312K, reserved 1048576K
}
Event: 37.280 GC heap after
{Heap after GC invocations=34 (full 0):
 garbage-first heap   total 533504K, used 424448K [0x00000000a1e00000, 0x0000000100000000)
  region size 1024K, 10 young (10240K), 10 survivors (10240K)
 Metaspace       used 43086K, committed 43648K, reserved 1114112K
  class space    used 5090K, committed 5312K, reserved 1048576K
}
Event: 37.685 GC heap before
{Heap before GC invocations=34 (full 0):
 garbage-first heap   total 533504K, used 472576K [0x00000000a1e00000, 0x0000000100000000)
  region size 1024K, 57 young (58368K), 10 survivors (10240K)
 Metaspace       used 43086K, committed 43648K, reserved 1114112K
  class space    used 5090K, committed 5312K, reserved 1048576K
}

