# JRE version: Java(TM) SE Runtime Environment (20.0.1+9) (build 20.0.1+9-29)
# Java VM: Java HotSpot(TM) 64-Bit Server VM (20.0.1+9-29, mixed mode, sharing, tiered, compressed oops, compressed class ptrs, g1 gc, windows-amd64)
GC Precious Log:
 CardTable entry size: 512
 Card Set container configuration: InlinePtr #cards 5 size 8 Array Of Cards #cards 12 size 40 Howl #buckets 4 coarsen threshold 1843 Howl Bitmap #cards 512 size 80 coarsen threshold 460 Card regions per heap region 1 cards per card region 2048
 CPUs: 8 total, 8 available
 Memory: 6020M
 Large Page Support: Disabled
 NUMA Support: Disabled
 Compressed Oops: Enabled (32-bit)
 Heap Region Size: 1M
 Heap Min Capacity: 8M
 Heap Initial Capacity: 96M
 Heap Max Capacity: 1506M
 Pre-touch: Disabled
 Parallel Workers: 8
 Concurrent Workers: 2
 Concurrent Refinement Workers: 8
 Periodic GC: Disabled
Heap:
 garbage-first heap   total 585728K, used 450560K [0x00000000a1e00000, 0x0000000100000000)
  region size 1024K, 11 young (11264K), 11 survivors (11264K)
 Metaspace       used 43120K, committed 43712K, reserved 1114112K
  class space    used 5091K, committed 5312K, reserved 1048576K
GC Heap History (20 events):
Event: 66.258 GC heap after
{Heap after GC invocations=19 (full 0):
 garbage-first heap   total 176128K, used 55875K [0x00000000a1e00000, 0x0000000100000000)
  region size 1024K, 1 young (1024K), 1 survivors (1024K)
 Metaspace       used 42917K, committed 43456K, reserved 1114112K
  class space    used 5091K, committed 5312K, reserved 1048576K
}
Event: 66.564 GC heap before
{Heap before GC invocations=20 (full 0):
 garbage-first heap   total 176128K, used 113219K [0x00000000a1e00000, 0x0000000100000000)
  region size 1024K, 57 young (58368K), 1 survivors (1024K)
 Metaspace       used 42928K, committed 43520K, reserved 1114112K
  class space    used 5091K, committed 5312K, reserved 1048576K
}
Event: 66.603 GC heap after
{Heap after GC invocations=21 (full 0):
 garbage-first heap   total 176128K, used 87260K [0x00000000a1e00000, 0x0000000100000000)
  region size 1024K, 8 young (8192K), 8 survivors (8192K)
 Metaspace       used 42928K, committed 43520K, reserved 1114112K
  class space    used 5091K, committed 5312K, reserved 1048576K
}
Event: 66.734 GC heap before
{Heap before GC invocations=21 (full 0):
 garbage-first heap   total 176128K, used 126172K [0x00000000a1e00000, 0x0000000100000000)
  region size 1024K, 46 young (47104K), 8 survivors (8192K)
 Metaspace       used 42973K, committed 43520K, reserved 1114112K
  class space    used 5091K, committed 5312K, reserved 1048576K
}
Event: 66.777 GC heap after
{Heap after GC invocations=22 (full 0):
 garbage-first heap   total 176128K, used 108544K [0x00000000a1e00000, 0x0000000100000000)
  region size 1024K, 6 young (6144K), 6 survivors (6144K)
 Metaspace       used 42973K, committed 43520K, reserved 1114112K
  class space    used 5091K, committed 5312K, reserved 1048576K
}
Event: 66.890 GC heap before
{Heap before GC invocations=22 (full 0):
 garbage-first heap   total 176128K, used 138240K [0x00000000a1e00000, 0x0000000100000000)
  region size 1024K, 35 young (35840K), 6 survivors (6144K)
 Metaspace       used 42982K, committed 43520K, reserved 1114112K
  class space    used 5091K, committed 5312K, reserved 1048576K
}
Event: 66.918 GC heap after
{Heap after GC invocations=23 (full 0):
 garbage-first heap   total 176128K, used 126464K [0x00000000a1e00000, 0x0000000100000000)
  region size 1024K, 5 young (5120K), 5 survivors (5120K)
 Metaspace       used 42982K, committed 43520K, reserved 1114112K
  class space    used 5091K, committed 5312K, reserved 1048576K
}
Event: 67.080 GC heap before
{Heap before GC invocations=23 (full 0):
 garbage-first heap   total 176128K, used 147968K [0x00000000a1e00000, 0x0000000100000000)
  region size 1024K, 26 young (26624K), 5 survivors (5120K)
 Metaspace       used 43079K, committed 43584K, reserved 1114112K
  class space    used 5091K, committed 5312K, reserved 1048576K
}
Event: 67.099 GC heap after
{Heap after GC invocations=24 (full 0):
 garbage-first heap   total 176128K, used 139723K [0x00000000a1e00000, 0x0000000100000000)
  region size 1024K, 4 young (4096K), 4 survivors (4096K)
 Metaspace       used 43079K, committed 43584K, reserved 1114112K
  class space    used 5091K, committed 5312K, reserved 1048576K
}
Event: 67.402 GC heap before
{Heap before GC invocations=24 (full 0):
 garbage-first heap   total 258048K, used 155083K [0x00000000a1e00000, 0x0000000100000000)
  region size 1024K, 19 young (19456K), 4 survivors (4096K)
 Metaspace       used 43079K, committed 43584K, reserved 1114112K
  class space    used 5091K, committed 5312K, reserved 1048576K
}
Event: 67.427 GC heap after
{Heap after GC invocations=25 (full 0):
 garbage-first heap   total 585728K, used 149182K [0x00000000a1e00000, 0x0000000100000000)
  region size 1024K, 3 young (3072K), 3 survivors (3072K)
 Metaspace       used 43079K, committed 43584K, reserved 1114112K
  class space    used 5091K, committed 5312K, reserved 1048576K
}
Event: 68.152 GC heap before
{Heap before GC invocations=26 (full 0):
 garbage-first heap   total 585728K, used 302782K [0x00000000a1e00000, 0x0000000100000000)
  region size 1024K, 153 young (156672K), 3 survivors (3072K)
 Metaspace       used 43100K, committed 43712K, reserved 1114112K
  class space    used 5091K, committed 5312K, reserved 1048576K
}
Event: 68.289 GC heap after
{Heap after GC invocations=27 (full 0):
 garbage-first heap   total 585728K, used 234496K [0x00000000a1e00000, 0x0000000100000000)
  region size 1024K, 20 young (20480K), 20 survivors (20480K)
 Metaspace       used 43100K, committed 43712K, reserved 1114112K
  class space    used 5091K, committed 5312K, reserved 1048576K
}
Event: 68.573 GC heap before
{Heap before GC invocations=27 (full 0):
 garbage-first heap   total 585728K, used 351232K [0x00000000a1e00000, 0x0000000100000000)
  region size 1024K, 134 young (137216K), 20 survivors (20480K)
 Metaspace       used 43106K, committed 43712K, reserved 1114112K
  class space    used 5091K, committed 5312K, reserved 1048576K
}
Event: 68.691 GC heap after
{Heap after GC invocations=28 (full 0):
 garbage-first heap   total 585728K, used 296448K [0x00000000a1e00000, 0x0000000100000000)
  region size 1024K, 17 young (17408K), 17 survivors (17408K)
 Metaspace       used 43106K, committed 43712K, reserved 1114112K
  class space    used 5091K, committed 5312K, reserved 1048576K
}
Event: 68.957 GC heap before
{Heap before GC invocations=28 (full 0):
 garbage-first heap   total 585728K, used 402944K [0x00000000a1e00000, 0x0000000100000000)
  region size 1024K, 121 young (123904K), 17 survivors (17408K)
 Metaspace       used 43109K, committed 43712K, reserved 1114112K
  class space    used 5091K, committed 5312K, reserved 1048576K
}
Event: 69.069 GC heap after
{Heap after GC invocations=29 (full 0):
 garbage-first heap   total 585728K, used 355840K [0x00000000a1e00000, 0x0000000100000000)
  region size 1024K, 16 young (16384K), 16 survivors (16384K)
 Metaspace       used 43109K, committed 43712K, reserved 1114112K
  class space    used 5091K, committed 5312K, reserved 1048576K
}
Event: 69.305 GC heap before
{Heap before GC invocations=29 (full 0):
 garbage-first heap   total 585728K, used 449024K [0x00000000a1e00000, 0x0000000100000000)
  region size 1024K, 107 young (109568K), 16 survivors (16384K)
 Metaspace       used 43118K, committed 43712K, reserved 1114112K
  class space    used 5091K, committed 5312K, reserved 1048576K
}
Event: 69.405 GC heap after
{Heap after GC invocations=30 (full 0):
 garbage-first heap   total 585728K, used 408064K [0x00000000a1e00000, 0x0000000100000000)
  region size 1024K, 14 young (14336K), 14 survivors (14336K)
 Metaspace       used 43118K, committed 43712K, reserved 1114112K
  class space    used 5091K, committed 5312K, reserved 1048576K
}
Event: 69.753 GC heap before
{Heap before GC invocations=30 (full 0):
 garbage-first heap   total 585728K, used 483840K [0x00000000a1e00000, 0x0000000100000000)
  region size 1024K, 88 young (90112K), 14 survivors (14336K)
 Metaspace       used 43120K, committed 43712K, reserved 1114112K
  class space    used 5091K, committed 5312K, reserved 1048576K
}

